This is pdfTeX, Version 3.14159265-2.6-1.40.20 (TeX Live 2019/Debian) (preloaded format=pdflatex 2021.4.10)  19 MAY 2021 20:03
entering extended mode
 restricted \write18 enabled.
 %&-line parsing enabled.
**rsm.tex
(./rsm.tex
LaTeX2e <2020-02-02> patch level 2
L3 programming layer <2020-02-14>
(/usr/share/texlive/texmf-dist/tex/latex/base/article.cls
Document Class: article 2019/12/20 v1.4l Standard LaTeX document class
(/usr/share/texlive/texmf-dist/tex/latex/base/size10.clo
File: size10.clo 2019/12/20 v1.4l Standard LaTeX file (size option)
)
\c@part=\count167
\c@section=\count168
\c@subsection=\count169
\c@subsubsection=\count170
\c@paragraph=\count171
\c@subparagraph=\count172
\c@figure=\count173
\c@table=\count174
\abovecaptionskip=\skip47
\belowcaptionskip=\skip48
\bibindent=\dimen134
)
(/usr/share/texmf/tex/latex/lm/lmodern.sty
Package: lmodern 2009/10/30 v1.6 Latin Modern Fonts
LaTeX Font Info:    Overwriting symbol font `operators' in version `normal'
(Font)                  OT1/cmr/m/n --> OT1/lmr/m/n on input line 22.
LaTeX Font Info:    Overwriting symbol font `letters' in version `normal'
(Font)                  OML/cmm/m/it --> OML/lmm/m/it on input line 23.
LaTeX Font Info:    Overwriting symbol font `symbols' in version `normal'
(Font)                  OMS/cmsy/m/n --> OMS/lmsy/m/n on input line 24.
LaTeX Font Info:    Overwriting symbol font `largesymbols' in version `normal'
(Font)                  OMX/cmex/m/n --> OMX/lmex/m/n on input line 25.
LaTeX Font Info:    Overwriting symbol font `operators' in version `bold'
(Font)                  OT1/cmr/bx/n --> OT1/lmr/bx/n on input line 26.
LaTeX Font Info:    Overwriting symbol font `letters' in version `bold'
(Font)                  OML/cmm/b/it --> OML/lmm/b/it on input line 27.
LaTeX Font Info:    Overwriting symbol font `symbols' in version `bold'
(Font)                  OMS/cmsy/b/n --> OMS/lmsy/b/n on input line 28.
LaTeX Font Info:    Overwriting symbol font `largesymbols' in version `bold'
(Font)                  OMX/cmex/m/n --> OMX/lmex/m/n on input line 29.
LaTeX Font Info:    Overwriting math alphabet `\mathbf' in version `normal'
(Font)                  OT1/cmr/bx/n --> OT1/lmr/bx/n on input line 31.
LaTeX Font Info:    Overwriting math alphabet `\mathsf' in version `normal'
(Font)                  OT1/cmss/m/n --> OT1/lmss/m/n on input line 32.
LaTeX Font Info:    Overwriting math alphabet `\mathit' in version `normal'
(Font)                  OT1/cmr/m/it --> OT1/lmr/m/it on input line 33.
LaTeX Font Info:    Overwriting math alphabet `\mathtt' in version `normal'
(Font)                  OT1/cmtt/m/n --> OT1/lmtt/m/n on input line 34.
LaTeX Font Info:    Overwriting math alphabet `\mathbf' in version `bold'
(Font)                  OT1/cmr/bx/n --> OT1/lmr/bx/n on input line 35.
LaTeX Font Info:    Overwriting math alphabet `\mathsf' in version `bold'
(Font)                  OT1/cmss/bx/n --> OT1/lmss/bx/n on input line 36.
LaTeX Font Info:    Overwriting math alphabet `\mathit' in version `bold'
(Font)                  OT1/cmr/bx/it --> OT1/lmr/bx/it on input line 37.
LaTeX Font Info:    Overwriting math alphabet `\mathtt' in version `bold'
(Font)                  OT1/cmtt/m/n --> OT1/lmtt/m/n on input line 38.
)
(/usr/share/texlive/texmf-dist/tex/latex/amsfonts/amssymb.sty
Package: amssymb 2013/01/14 v3.01 AMS font symbols

(/usr/share/texlive/texmf-dist/tex/latex/amsfonts/amsfonts.sty
Package: amsfonts 2013/01/14 v3.01 Basic AMSFonts support
\@emptytoks=\toks14
\symAMSa=\mathgroup4
\symAMSb=\mathgroup5
LaTeX Font Info:    Redeclaring math symbol \hbar on input line 98.
LaTeX Font Info:    Overwriting math alphabet `\mathfrak' in version `bold'
(Font)                  U/euf/m/n --> U/euf/b/n on input line 106.
))
(/usr/share/texlive/texmf-dist/tex/latex/amsmath/amsmath.sty
Package: amsmath 2020/01/20 v2.17e AMS math features
\@mathmargin=\skip49

For additional information on amsmath, use the `?' option.
(/usr/share/texlive/texmf-dist/tex/latex/amsmath/amstext.sty
Package: amstext 2000/06/29 v2.01 AMS text

(/usr/share/texlive/texmf-dist/tex/latex/amsmath/amsgen.sty
File: amsgen.sty 1999/11/30 v2.0 generic functions
\@emptytoks=\toks15
\ex@=\dimen135
))
(/usr/share/texlive/texmf-dist/tex/latex/amsmath/amsbsy.sty
Package: amsbsy 1999/11/29 v1.2d Bold Symbols
\pmbraise@=\dimen136
)
(/usr/share/texlive/texmf-dist/tex/latex/amsmath/amsopn.sty
Package: amsopn 2016/03/08 v2.02 operator names
)
\inf@bad=\count175
LaTeX Info: Redefining \frac on input line 227.
\uproot@=\count176
\leftroot@=\count177
LaTeX Info: Redefining \overline on input line 389.
\classnum@=\count178
\DOTSCASE@=\count179
LaTeX Info: Redefining \ldots on input line 486.
LaTeX Info: Redefining \dots on input line 489.
LaTeX Info: Redefining \cdots on input line 610.
\Mathstrutbox@=\box45
\strutbox@=\box46
\big@size=\dimen137
LaTeX Font Info:    Redeclaring font encoding OML on input line 733.
LaTeX Font Info:    Redeclaring font encoding OMS on input line 734.
\macc@depth=\count180
\c@MaxMatrixCols=\count181
\dotsspace@=\muskip16
\c@parentequation=\count182
\dspbrk@lvl=\count183
\tag@help=\toks16
\row@=\count184
\column@=\count185
\maxfields@=\count186
\andhelp@=\toks17
\eqnshift@=\dimen138
\alignsep@=\dimen139
\tagshift@=\dimen140
\tagwidth@=\dimen141
\totwidth@=\dimen142
\lineht@=\dimen143
\@envbody=\toks18
\multlinegap=\skip50
\multlinetaggap=\skip51
\mathdisplay@stack=\toks19
LaTeX Info: Redefining \[ on input line 2859.
LaTeX Info: Redefining \] on input line 2860.
)
(/usr/share/texlive/texmf-dist/tex/generic/iftex/ifxetex.sty
Package: ifxetex 2019/10/25 v0.7 ifxetex legacy package. Use iftex instead.

(/usr/share/texlive/texmf-dist/tex/generic/iftex/iftex.sty
Package: iftex 2019/11/07 v1.0c TeX engine tests
))
(/usr/share/texlive/texmf-dist/tex/generic/iftex/ifluatex.sty
Package: ifluatex 2019/10/25 v1.5 ifluatex legacy package. Use iftex instead.
)
(/usr/share/texlive/texmf-dist/tex/latex/base/fixltx2e.sty
Package: fixltx2e 2016/12/29 v2.1a fixes to LaTeX (obsolete)
Applying: [2015/01/01] Old fixltx2e package on input line 46.


Package fixltx2e Warning: fixltx2e is not required with releases after 2015
(fixltx2e)                All fixes are now in the LaTeX kernel.
(fixltx2e)                See the latexrelease package for details.

Already applied: [0000/00/00] Old fixltx2e package on input line 53.
) (/usr/share/texlive/texmf-dist/tex/latex/base/fontenc.sty
Package: fontenc 2020/02/11 v2.0o Standard LaTeX package
LaTeX Font Info:    Trying to load font information for T1+lmr on input line 11
2.

(/usr/share/texmf/tex/latex/lm/t1lmr.fd
File: t1lmr.fd 2009/10/30 v1.6 Font defs for Latin Modern
))
(/usr/share/texlive/texmf-dist/tex/latex/base/inputenc.sty
Package: inputenc 2018/08/11 v1.3c Input encoding file
\inpenc@prehook=\toks20
\inpenc@posthook=\toks21
)
(/usr/share/texlive/texmf-dist/tex/latex/base/textcomp.sty
Package: textcomp 2020/02/02 v2.0n Standard LaTeX package
)
(/usr/share/texlive/texmf-dist/tex/latex/hyperref/hyperref.sty
Package: hyperref 2020/01/14 v7.00d Hypertext links for LaTeX

(/usr/share/texlive/texmf-dist/tex/generic/ltxcmds/ltxcmds.sty
Package: ltxcmds 2019/12/15 v1.24 LaTeX kernel commands for general use (HO)
)

! LaTeX Error: File `pdftexcmds.sty' not found.

Type X to quit or <RETURN> to proceed,
or enter new name. (Default extension: sty)

Enter file name: RETURN

! LaTeX Error: File `RETURN.sty' not found.

Type X to quit or <RETURN> to proceed,
or enter new name. (Default extension: sty)

Enter file name: 

LaTeX Warning: You have requested, on input line 108, version
               `2009/04/10' of package pdftexcmds,
               but only version
               `'
               is available.


! LaTeX Error: File `infwarerr.sty' not found.

Type X to quit or <RETURN> to proceed,
or enter new name. (Default extension: sty)

Enter file name: 

LaTeX Warning: You have requested, on input line 126, version
               `2010/04/08' of package infwarerr,
               but only version
               `'
               is available.

(/usr/share/texlive/texmf-dist/tex/latex/graphics/keyval.sty
Package: keyval 2014/10/28 v1.15 key=value parser (DPC)
\KV@toks@=\toks22
)
(/usr/share/texlive/texmf-dist/tex/generic/kvsetkeys/kvsetkeys.sty
Package: kvsetkeys 2019/12/15 v1.18 Key value parser (HO)
)
(/usr/share/texlive/texmf-dist/tex/generic/kvdefinekeys/kvdefinekeys.sty
Package: kvdefinekeys 2019-12-19 v1.6 Define keys (HO)
)

! LaTeX Error: File `pdfescape.sty' not found.

Type X to quit or <RETURN> to proceed,
or enter new name. (Default extension: sty)

Enter file name: 

LaTeX Warning: You have requested, on input line 130, version
               `2007/11/11' of package pdfescape,
               but only version
               `'
               is available.

(/usr/share/texlive/texmf-dist/tex/latex/hycolor/hycolor.sty
Package: hycolor 2020-01-27 v1.10 Color options for hyperref/bookmark (HO)
)

! LaTeX Error: File `letltxmacro.sty' not found.

Type X to quit or <RETURN> to proceed,
or enter new name. (Default extension: sty)

Enter file name: 

LaTeX Warning: You have requested, on input line 132, version
               `2008/06/13' of package letltxmacro,
               but only version
               `'
               is available.

(/usr/share/texlive/texmf-dist/tex/latex/auxhook/auxhook.sty
Package: auxhook 2019-12-17 v1.6 Hooks for auxiliary files (HO)
)
(/usr/share/texlive/texmf-dist/tex/latex/kvoptions/kvoptions.sty
Package: kvoptions 2019/11/29 v3.13 Key value format for package options (HO)
)
\@linkdim=\dimen144
\Hy@linkcounter=\count187
\Hy@pagecounter=\count188

(/usr/share/texlive/texmf-dist/tex/latex/hyperref/pd1enc.def
File: pd1enc.def 2020/01/14 v7.00d Hyperref: PDFDocEncoding definition (HO)
Now handling font encoding PD1 ...
... no UTF-8 mapping file for font encoding PD1
)
(/usr/share/texlive/texmf-dist/tex/generic/intcalc/intcalc.sty
Package: intcalc 2019/12/15 v1.3 Expandable calculations with integers (HO)
)
(/usr/share/texlive/texmf-dist/tex/generic/etexcmds/etexcmds.sty
Package: etexcmds 2019/12/15 v1.7 Avoid name clashes with e-TeX commands (HO)


LaTeX Warning: You have requested, on input line 183, version
               `2007/09/09' of package infwarerr,
               but only version
               `'
               is available.

)
\Hy@SavedSpaceFactor=\count189
\pdfmajorversion=\count190

! Undefined control sequence.
\Hy@Info ->\@PackageInfo 
                         {hyperref}
l.4421 \ProcessKeyvalOptions{Hyp}
                                 
? 

! LaTeX Error: Missing \begin{document}.

See the LaTeX manual or LaTeX Companion for explanation.
Type  H <return>  for immediate help.
 ...                                              
                                                  
l.4421 \ProcessKeyvalOptions{Hyp}
                                 
? 
(/usr/share/texlive/texmf-dist/tex/latex/hyperref/puenc.def
File: puenc.def 2020/01/14 v7.00d Hyperref: PDF Unicode definition (HO)
Now handling font encoding PU ...
... no UTF-8 mapping file for font encoding PU
)
! Undefined control sequence.
\Hy@Info ->\@PackageInfo 
                         {hyperref}
l.4547   \Hy@Info
                 {Hyper figures OFF}%
? 
! Undefined control sequence.
\Hy@Info ->\@PackageInfo 
                         {hyperref}
l.4552   \Hy@Info
                 {Link nesting OFF}%
? 
! Undefined control sequence.
\Hy@Info ->\@PackageInfo 
                         {hyperref}
l.4555   \Hy@Info
                 {Hyper index ON}%
? 
! Undefined control sequence.
\Hy@Info ->\@PackageInfo 
                         {hyperref}
l.4562   \Hy@Info
                 {Plain pages OFF}%
? 
! Undefined control sequence.
\Hy@Info ->\@PackageInfo 
                         {hyperref}
l.4567   \Hy@Info
                 {Backreferencing OFF}%
? 
! Undefined control sequence.
\Hy@InfoNoLine ->\@PackageInfoNoLine 
                                     {hyperref}
l.4577   \Hy@InfoNoLine
                       {Implicit mode ON; LaTeX internals redefined}%
? 
! Undefined control sequence.
\Hy@Info ->\@PackageInfo 
                         {hyperref}
l.4800   \Hy@Info
                 {Bookmarks ON}%
? 
\c@Hy@tempcnt=\count191
(/usr/share/texlive/texmf-dist/tex/latex/url/url.sty
\Urlmuskip=\muskip17
Package: url 2013/09/16  ver 3.4  Verb mode for urls, etc.
)
LaTeX Info: Redefining \url on input line 5159.
\XeTeXLinkMargin=\dimen145


! LaTeX Error: File `bitset.sty' not found.

Type X to quit or <RETURN> to proceed,
or enter new name. (Default extension: sty)

Enter file name: 
\Fld@menulength=\count192
\Field@Width=\dimen146
\Fld@charsize=\dimen147
! Undefined control sequence.
\Hy@Info ->\@PackageInfo 
                         {hyperref}
l.6430   \Hy@Info
                 {Hyper figures OFF}%
? 

! LaTeX Error: Missing \begin{document}.

See the LaTeX manual or LaTeX Companion for explanation.
Type  H <return>  for immediate help.
 ...                                              
                                                  
l.6430   \Hy@Info
                 {Hyper figures OFF}%
? 
! Undefined control sequence.
\Hy@Info ->\@PackageInfo 
                         {hyperref}
l.6435   \Hy@Info
                 {Link nesting OFF}%
? 
! Undefined control sequence.
\Hy@Info ->\@PackageInfo 
                         {hyperref}
l.6438   \Hy@Info
                 {Hyper index ON}%
? 
! Undefined control sequence.
\Hy@Info ->\@PackageInfo 
                         {hyperref}
l.6445   \Hy@Info
                 {backreferencing OFF}%
? 
! Undefined control sequence.
\Hy@Info ->\@PackageInfo 
                         {hyperref}
l.6450   \Hy@Info
                 {Link coloring OFF}%
? 
! Undefined control sequence.
\Hy@Info ->\@PackageInfo 
                         {hyperref}
l.6455   \Hy@Info
                 {Link coloring with OCG OFF}%
? 
! Undefined control sequence.
\Hy@Info ->\@PackageInfo 
                         {hyperref}
l.6460   \Hy@Info
                 {PDF/A mode OFF}%
? 
! Undefined control sequence.
l.6499 \LetLtxMacro
                   \NoHy@OrgRef\ref
? 
! Undefined control sequence.
l.6499 \LetLtxMacro\NoHy@OrgRef
                               \ref
? 
! Missing \endcsname inserted.
<to be read again> 
                   \let 
l.6500 \DeclareRobustCommand
                            *{\ref}{%
? 

! LaTeX Error: Missing \begin{document}.

See the LaTeX manual or LaTeX Companion for explanation.
Type  H <return>  for immediate help.
 ...                                              
                                                  
l.6500 \DeclareRobustCommand
                            *{\ref}{%
? 

LaTeX Warning: Reference `\reserved@d ' on page 1 undefined on input line 6500.


LaTeX Info: Redefining \endcsname on input line 6500.
! Missing \endcsname inserted.
<to be read again> 
                   \protect 
l.6500 \DeclareRobustCommand
                            *{\ref}{%
? 
! Missing \endcsname inserted.
<to be read again> 
                   \protect 
l.6500 \DeclareRobustCommand*{\ref}
                                   {%
? 
LaTeX Info: Redefining \ref on input line 6500.
! Missing \endcsname inserted.
<to be read again> 
                   \protect 
l.6500 \DeclareRobustCommand*{\ref}
                                   {%
? 
! Missing \endcsname inserted.
<to be read again> 
                   \protect 
l.6500 \DeclareRobustCommand*{\ref}
                                   {%
? 
! Undefined control sequence.
\reserved@b ->\NoHy@OrgRef 
                           
l.6502 }
        
? 
! Undefined control sequence.
l.6503 \LetLtxMacro
                   \NoHy@OrgPageRef\pageref
? 
! Undefined control sequence.
l.6503 \LetLtxMacro\NoHy@OrgPageRef
                                   \pageref
? 
! Missing \endcsname inserted.
<to be read again> 
                   \let 
l.6504 \DeclareRobustCommand
                            *{\pageref}{%
? 
! Missing \endcsname inserted.
<to be read again> 
                   \protect 
l.6504 \DeclareRobustCommand
                            *{\pageref}{%
? 
! Missing \endcsname inserted.
<to be read again> 
                   \protect 
l.6504 \DeclareRobustCommand
                            *{\pageref}{%
? 
! Missing \endcsname inserted.
<to be read again> 
                   \protect 
l.6504 \DeclareRobustCommand
                            *{\pageref}{%
? 
! Missing \endcsname inserted.
<to be read again> 
                   \protect 
l.6504 \DeclareRobustCommand
                            *{\pageref}{%
? 
! Missing \endcsname inserted.
<to be read again> 
                   \protect 
l.6504 \DeclareRobustCommand
                            *{\pageref}{%
? 
! Missing \endcsname inserted.
<to be read again> 
                   \protect 
l.6504 \DeclareRobustCommand
                            *{\pageref}{%
? 
! Missing \endcsname inserted.
<to be read again> 
                   \protect 
l.6504 \DeclareRobustCommand
                            *{\pageref}{%
? 
! Missing \endcsname inserted.
<to be read again> 
                   \c@page 
l.6504 \DeclareRobustCommand
                            *{\pageref}{%
? 

LaTeX Warning: Reference `\reserved@d ' on page \@arabic\endcsname  \c@page  un
defined on input line 6504.

! Missing \endcsname inserted.
<to be read again> 
                   \protect 
l.6504 \DeclareRobustCommand
                            *{\pageref}{%
? 
LaTeX Info: Redefining \endcsname on input line 6504.
! Missing \endcsname inserted.
<to be read again> 
                   \protect 
l.6504 \DeclareRobustCommand
                            *{\pageref}{%
? 
! Missing \endcsname inserted.
<to be read again> 
                   \protect 
l.6504 \DeclareRobustCommand
                            *{\pageref}{%
? 
! Argument of \pageref has an extra }.
<inserted text> 
                \par 
l.6504 \DeclareRobustCommand*{\pageref}
                                       {%
? 
Runaway argument?
! Paragraph ended before \pageref was complete.
<to be read again> 
                   \par 
l.6504 \DeclareRobustCommand*{\pageref}
                                       {%
? 
! Undefined control sequence.
\reserved@b ->\NoHy@OrgPageRef 
                               
l.6506 }
        
? 
! Missing \endcsname inserted.
<to be read again> 
                   \protect 
l.6631 \Hy@DisableOption{pdfusetitle}
                                     
? 
! Missing \endcsname inserted.
<to be read again> 
                   \protect 
l.6631 \Hy@DisableOption{pdfusetitle}
                                     
? 
! Missing \endcsname inserted.
<to be read again> 
                   \protect 
l.6631 \Hy@DisableOption{pdfusetitle}
                                     
? 
! Missing \endcsname inserted.
<to be read again> 
                   \protect 
l.6631 \Hy@DisableOption{pdfusetitle}
                                     
? 
! Missing \endcsname inserted.
<to be read again> 
                   \protect 
l.6631 \Hy@DisableOption{pdfusetitle}
                                     
? 
! Missing \endcsname inserted.
<to be read again> 
                   \protect 
l.6657 \RequirePackage{atbegshi}[2007/09/09]
                                            
? 
! Missing \endcsname inserted.
<to be read again> 
                   \protect 
l.6657 \RequirePackage{atbegshi}[2007/09/09]
                                            
? 
! Missing \endcsname inserted.
<to be read again> 
                   \protect 
l.6657 \RequirePackage{atbegshi}[2007/09/09]
                                            
? 
! Missing \endcsname inserted.
<to be read again> 
                   \protect 
l.6657 \RequirePackage{atbegshi}[2007/09/09]
                                            
? 
! Missing \endcsname inserted.
<to be read again> 
                   \protect 
l.6657 \RequirePackage{atbegshi}[2007/09/09]
                                            
? 
! Missing \endcsname inserted.
<to be read again> 
                   \protect 
l.6657 \RequirePackage{atbegshi}[2007/09/09]
                                            
? 
! Missing endcsname inserted.
<to be read again> 
                   protect 
l.6657 \RequirePackage{atbegshi}[2007/09/09]
                                            
? 
! Missing \endcsname inserted.
<to be read again> 
                   \protect 
l.6657 \RequirePackage{atbegshi}[2007/09/09]
                                            
? 

! LaTeX Error: Missing \begin{document}.

See the LaTeX manual or LaTeX Companion for explanation.
Type  H <return>  for immediate help.
 ...                                              
                                                  
l.6657 \RequirePackage{atbegshi}[2007/09/09]
                                            
? 
(/usr/share/texlive/texmf-dist/tex/generic/atbegshi/atbegshi.sty
! Missing \endcsname inserted.
<to be read again> 
                   \protect 
l.56 ...dafter\x\csname ver@atbegshi.sty\endcsname
                                                  
? 
! Missing \endcsname inserted.
<to be read again> 
                   \protect 
l.92 ...after\ifx\csname ProvidesPackage\endcsname
                                                  \relax
? 
! Missing \endcsname inserted.
<to be read again> 
                   \protect 
l.108 ...after\x\csname ver@atbegshi.sty\endcsname
                                                  
? 
! Missing \endcsname inserted.
<to be read again> 
                   \protect 
l.110 ...9/12/05 v1.19 At begin shipout hook (HO)]
                                                  %
? 
Package: atbegshi 2019/12/05 v1.19 At begin shipout hook (HO)
! Missing \endcsname inserted.
<to be read again> 
                   \protect 
l.129 \x
        \catcode61\catcode48\catcode32=10\relax%
? 
! Use of \AtBegShi@AtEnd doesn't match its definition.
\TMP@EnsureCode ...tEnd {\AtBegShi@AtEnd \catcode 
                                                  #1=\the \catcode #1\relax ...
l.143 \TMP@EnsureCode{40}{12}
                             % (
? 
! Missing \endcsname inserted.
<to be read again> 
                   \protect 
l.156 ...after\ifx\csname RequirePackage\endcsname
                                                  \relax
? 
! Missing \endcsname inserted.
<to be read again> 
                   \protect 
l.166   \RequirePackage{infwarerr}[2007/09/09]
                                              %
? 
! Missing \endcsname inserted.
<to be read again> 
                   \protect 
l.166   \RequirePackage{infwarerr}[2007/09/09]
                                              %
? 
! Missing \endcsname inserted.
<to be read again> 
                   \protect 
l.166   \RequirePackage{infwarerr}[2007/09/09]
                                              %
? 
! Missing \endcsname inserted.
<to be read again> 
                   \protect 
l.166   \RequirePackage{infwarerr}[2007/09/09]
                                              %
? 
! Missing \endcsname inserted.
<to be read again> 
                   \protect 
l.166   \RequirePackage{infwarerr}[2007/09/09]
                                              %
? 
! Missing \endcsname inserted.
<to be read again> 
                   \protect 
l.166   \RequirePackage{infwarerr}[2007/09/09]
                                              %
? 
Runaway text?

LaTeX Warning: You have requested, on input line 166, version
        \ETC.
! Forbidden control sequence found while scanning text of \write.
<inserted text> 
                }
l.166   \RequirePackage{infwarerr}[2007/09/09]
                                              %
? 
Runaway text?

LaTeX Warning: You have requested, on input line 166, version
        \ETC.
! Forbidden control sequence found while scanning text of \write.
<inserted text> 
                }
l.166   \RequirePackage{infwarerr}[2007/09/09]
                                              %
? 
Runaway text?

LaTeX Warning: You have requested, on input line 166, version
        \ETC.
! Forbidden control sequence found while scanning text of \write.
<inserted text> 
                }
l.166   \RequirePackage{infwarerr}[2007/09/09]
                                              %
? 
Runaway text?

LaTeX Warning: You have requested, on input line 166, version
        \ETC.
! Forbidden control sequence found while scanning text of \write.
<inserted text> 
                }
l.166   \RequirePackage{infwarerr}[2007/09/09]
                                              %
? 
Runaway text?

LaTeX Warning: You have requested, on input line 166, version
        \ETC.
! Forbidden control sequence found while scanning text of \write.
<inserted text> 
                }
l.166   \RequirePackage{infwarerr}[2007/09/09]
                                              %
? 
Runaway text?

LaTeX Warning: You have requested, on input line 166, version
        \ETC.
! Forbidden control sequence found while scanning text of \write.
<inserted text> 
                }
l.166   \RequirePackage{infwarerr}[2007/09/09]
                                              %
? 
Runaway text?

LaTeX Warning: You have requested, on input line 166, version
        \ETC.
! Forbidden control sequence found while scanning text of \write.
<inserted text> 
                }
l.166   \RequirePackage{infwarerr}[2007/09/09]
                                              %
? 
Runaway text?

LaTeX Warning: You have requested, on input line 166, version
        \ETC.
! Forbidden control sequence found while scanning text of \write.
<inserted text> 
                }
l.166   \RequirePackage{infwarerr}[2007/09/09]
                                              %
? 
Runaway text?

LaTeX Warning: You have requested, on input line 166, version
        \ETC.
! Forbidden control sequence found while scanning text of \write.
<inserted text> 
                }
l.166   \RequirePackage{infwarerr}[2007/09/09]
                                              %
? 
Runaway text?

LaTeX Warning: You have requested, on input line 166, version
        \ETC.
! Forbidden control sequence found while scanning text of \write.
<inserted text> 
                }
l.166   \RequirePackage{infwarerr}[2007/09/09]
                                              %
? 
Runaway text?

LaTeX Warning: You have requested, on input line 166, version
        \ETC.
! Forbidden control sequence found while scanning text of \write.
<inserted text> 
                }
l.166   \RequirePackage{infwarerr}[2007/09/09]
                                              %
? 
Runaway text?

LaTeX Warning: You have requested, on input line 166, version
        \ETC.
! Forbidden control sequence found while scanning text of \write.
<inserted text> 
                }
l.166   \RequirePackage{infwarerr}[2007/09/09]
                                              %
? 
Runaway text?

LaTeX Warning: You have requested, on input line 166, version
        \ETC.
! Forbidden control sequence found while scanning text of \write.
<inserted text> 
                }
l.166   \RequirePackage{infwarerr}[2007/09/09]
                                              %
? 
Runaway text?

LaTeX Warning: You have requested, on input line 166, version
        \ETC.
! Forbidden control sequence found while scanning text of \write.
<inserted text> 
                }
l.166   \RequirePackage{infwarerr}[2007/09/09]
                                              %
? 
Runaway text?

LaTeX Warning: You have requested, on input line 166, version
        \ETC.
! Forbidden control sequence found while scanning text of \write.
<inserted text> 
                }
l.166   \RequirePackage{infwarerr}[2007/09/09]
                                              %
? 
Runaway text?

LaTeX Warning: You have requested, on input line 166, version
        \ETC.
! Forbidden control sequence found while scanning text of \write.
<inserted text> 
                }
l.166   \RequirePackage{infwarerr}[2007/09/09]
                                              %
? 
Runaway text?

LaTeX Warning: You have requested, on input line 166, version
        \ETC.
! Forbidden control sequence found while scanning text of \write.
<inserted text> 
                }
l.166   \RequirePackage{infwarerr}[2007/09/09]
                                              %
? 
Runaway text?

LaTeX Warning: You have requested, on input line 166, version
        \ETC.
! Forbidden control sequence found while scanning text of \write.
<inserted text> 
                }
l.166   \RequirePackage{infwarerr}[2007/09/09]
                                              %
? 
Runaway text?

LaTeX Warning: You have requested, on input line 166, version
        \ETC.
! Forbidden control sequence found while scanning text of \write.
<inserted text> 
                }
l.166   \RequirePackage{infwarerr}[2007/09/09]
                                              %
? 
Runaway text?

LaTeX Warning: You have requested, on input line 166, version
        \ETC.
! Forbidden control sequence found while scanning text of \write.
<inserted text> 
                }
l.166   \RequirePackage{infwarerr}[2007/09/09]
                                              %
? 
Runaway text?

LaTeX Warning: You have requested, on input line 166, version
        \ETC.
! Forbidden control sequence found while scanning text of \write.
<inserted text> 
                }
l.166   \RequirePackage{infwarerr}[2007/09/09]
                                              %
? 
Runaway text?

LaTeX Warning: You have requested, on input line 166, version
        \ETC.
! Forbidden control sequence found while scanning text of \write.
<inserted text> 
                }
l.166   \RequirePackage{infwarerr}[2007/09/09]
                                              %
? 
Runaway text?

LaTeX Warning: You have requested, on input line 166, version
        \ETC.
! Forbidden control sequence found while scanning text of \write.
<inserted text> 
                }
l.166   \RequirePackage{infwarerr}[2007/09/09]
                                              %
? 
Runaway text?

LaTeX Warning: You have requested, on input line 166, version
        \ETC.
! Forbidden control sequence found while scanning text of \write.
<inserted text> 
                }
l.166   \RequirePackage{infwarerr}[2007/09/09]
                                              %
? 
Runaway text?

LaTeX Warning: You have requested, on input line 166, version
        \ETC.
! Forbidden control sequence found while scanning text of \write.
<inserted text> 
                }
l.166   \RequirePackage{infwarerr}[2007/09/09]
                                              %
? 
Runaway text?

LaTeX Warning: You have requested, on input line 166, version
        \ETC.
! Forbidden control sequence found while scanning text of \write.
<inserted text> 
                }
l.166   \RequirePackage{infwarerr}[2007/09/09]
                                              %
? 
Runaway text?

LaTeX Warning: You have requested, on input line 166, version
        \ETC.
! Forbidden control sequence found while scanning text of \write.
<inserted text> 
                }
l.166   \RequirePackage{infwarerr}[2007/09/09]
                                              %
? 
Runaway text?

LaTeX Warning: You have requested, on input line 166, version
        \ETC.
! Forbidden control sequence found while scanning text of \write.
<inserted text> 
                }
l.166   \RequirePackage{infwarerr}[2007/09/09]
                                              %
? 
Runaway text?

LaTeX Warning: You have requested, on input line 166, version
        \ETC.
! Forbidden control sequence found while scanning text of \write.
<inserted text> 
                }
l.166   \RequirePackage{infwarerr}[2007/09/09]
                                              %
? 
Runaway text?

LaTeX Warning: You have requested, on input line 166, version
        \ETC.
! Forbidden control sequence found while scanning text of \write.
<inserted text> 
                }
l.166   \RequirePackage{infwarerr}[2007/09/09]
                                              %
? 
Runaway text?

LaTeX Warning: You have requested, on input line 166, version
        \ETC.
! Forbidden control sequence found while scanning text of \write.
<inserted text> 
                }
l.166   \RequirePackage{infwarerr}[2007/09/09]
                                              %
? 
Runaway text?

LaTeX Warning: You have requested, on input line 166, version
        \ETC.
! Forbidden control sequence found while scanning text of \write.
<inserted text> 
                }
l.166   \RequirePackage{infwarerr}[2007/09/09]
                                              %
? 
Runaway text?

LaTeX Warning: You have requested, on input line 166, version
        \ETC.
! Forbidden control sequence found while scanning text of \write.
<inserted text> 
                }
l.166   \RequirePackage{infwarerr}[2007/09/09]
                                              %
? 
Runaway text?

LaTeX Warning: You have requested, on input line 166, version
        \ETC.
! Forbidden control sequence found while scanning text of \write.
<inserted text> 
                }
l.166   \RequirePackage{infwarerr}[2007/09/09]
                                              %
? 
Runaway text?

LaTeX Warning: You have requested, on input line 166, version
        \ETC.
! Forbidden control sequence found while scanning text of \write.
<inserted text> 
                }
l.166   \RequirePackage{infwarerr}[2007/09/09]
                                              %
? 
Runaway text?

LaTeX Warning: You have requested, on input line 166, version
        \ETC.
! Forbidden control sequence found while scanning text of \write.
<inserted text> 
                }
l.166   \RequirePackage{infwarerr}[2007/09/09]
                                              %
? 
Runaway text?

LaTeX Warning: You have requested, on input line 166, version
        \ETC.
! Forbidden control sequence found while scanning text of \write.
<inserted text> 
                }
l.166   \RequirePackage{infwarerr}[2007/09/09]
                                              %
? 
Runaway text?

LaTeX Warning: You have requested, on input line 166, version
        \ETC.
! Forbidden control sequence found while scanning text of \write.
<inserted text> 
                }
l.166   \RequirePackage{infwarerr}[2007/09/09]
                                              %
? 
Runaway text?

LaTeX Warning: You have requested, on input line 166, version
        \ETC.
! Forbidden control sequence found while scanning text of \write.
<inserted text> 
                }
l.166   \RequirePackage{infwarerr}[2007/09/09]
                                              %
? 
Runaway text?

LaTeX Warning: You have requested, on input line 166, version
        \ETC.
! Forbidden control sequence found while scanning text of \write.
<inserted text> 
                }
l.166   \RequirePackage{infwarerr}[2007/09/09]
                                              %
? 
Runaway text?

LaTeX Warning: You have requested, on input line 166, version
        \ETC.
! Forbidden control sequence found while scanning text of \write.
<inserted text> 
                }
l.166   \RequirePackage{infwarerr}[2007/09/09]
                                              %
? 
Runaway text?

LaTeX Warning: You have requested, on input line 166, version
        \ETC.
! Forbidden control sequence found while scanning text of \write.
<inserted text> 
                }
l.166   \RequirePackage{infwarerr}[2007/09/09]
                                              %
? 
Runaway text?

LaTeX Warning: You have requested, on input line 166, version
        \ETC.
! Forbidden control sequence found while scanning text of \write.
<inserted text> 
                }
l.166   \RequirePackage{infwarerr}[2007/09/09]
                                              %
? r
OK, entering \nonstopmode...
Runaway text?

LaTeX Warning: You have requested, on input line 166, version
        \ETC.
! Forbidden control sequence found while scanning text of \write.
<inserted text> 
                }
l.166   \RequirePackage{infwarerr}[2007/09/09]
                                              %
I suspect you have forgotten a `}', causing me
to read past where you wanted me to stop.
I'll try to recover; but if the error is serious,
you'd better type `E' or `X' now and fix your file.

Runaway text?

LaTeX Warning: You have requested, on input line 166, version
        \ETC.
! Forbidden control sequence found while scanning text of \write.
<inserted text> 
                }
l.166   \RequirePackage{infwarerr}[2007/09/09]
                                              %
I suspect you have forgotten a `}', causing me
to read past where you wanted me to stop.
I'll try to recover; but if the error is serious,
you'd better type `E' or `X' now and fix your file.

Runaway text?

LaTeX Warning: You have requested, on input line 166, version
        \ETC.
! Forbidden control sequence found while scanning text of \write.
<inserted text> 
                }
l.166   \RequirePackage{infwarerr}[2007/09/09]
                                              %
I suspect you have forgotten a `}', causing me
to read past where you wanted me to stop.
I'll try to recover; but if the error is serious,
you'd better type `E' or `X' now and fix your file.

Runaway text?

LaTeX Warning: You have requested, on input line 166, version
        \ETC.
! Forbidden control sequence found while scanning text of \write.
<inserted text> 
                }
l.166   \RequirePackage{infwarerr}[2007/09/09]
                                              %
I suspect you have forgotten a `}', causing me
to read past where you wanted me to stop.
I'll try to recover; but if the error is serious,
you'd better type `E' or `X' now and fix your file.

Runaway text?

LaTeX Warning: You have requested, on input line 166, version
        \ETC.
! Forbidden control sequence found while scanning text of \write.
<inserted text> 
                }
l.166   \RequirePackage{infwarerr}[2007/09/09]
                                              %
I suspect you have forgotten a `}', causing me
to read past where you wanted me to stop.
I'll try to recover; but if the error is serious,
you'd better type `E' or `X' now and fix your file.

Runaway text?

LaTeX Warning: You have requested, on input line 166, version
        \ETC.
! Forbidden control sequence found while scanning text of \write.
<inserted text> 
                }
l.166   \RequirePackage{infwarerr}[2007/09/09]
                                              %
I suspect you have forgotten a `}', causing me
to read past where you wanted me to stop.
I'll try to recover; but if the error is serious,
you'd better type `E' or `X' now and fix your file.

Runaway text?

LaTeX Warning: You have requested, on input line 166, version
        \ETC.
! Forbidden control sequence found while scanning text of \write.
<inserted text> 
                }
l.166   \RequirePackage{infwarerr}[2007/09/09]
                                              %
I suspect you have forgotten a `}', causing me
to read past where you wanted me to stop.
I'll try to recover; but if the error is serious,
you'd better type `E' or `X' now and fix your file.

Runaway text?

LaTeX Warning: You have requested, on input line 166, version
        \ETC.
! Forbidden control sequence found while scanning text of \write.
<inserted text> 
                }
l.166   \RequirePackage{infwarerr}[2007/09/09]
                                              %
I suspect you have forgotten a `}', causing me
to read past where you wanted me to stop.
I'll try to recover; but if the error is serious,
you'd better type `E' or `X' now and fix your file.

Runaway text?

LaTeX Warning: You have requested, on input line 166, version
        \ETC.
! Forbidden control sequence found while scanning text of \write.
<inserted text> 
                }
l.166   \RequirePackage{infwarerr}[2007/09/09]
                                              %
I suspect you have forgotten a `}', causing me
to read past where you wanted me to stop.
I'll try to recover; but if the error is serious,
you'd better type `E' or `X' now and fix your file.

Runaway text?

LaTeX Warning: You have requested, on input line 166, version
        \ETC.
! Forbidden control sequence found while scanning text of \write.
<inserted text> 
                }
l.166   \RequirePackage{infwarerr}[2007/09/09]
                                              %
I suspect you have forgotten a `}', causing me
to read past where you wanted me to stop.
I'll try to recover; but if the error is serious,
you'd better type `E' or `X' now and fix your file.

Runaway text?

LaTeX Warning: You have requested, on input line 166, version
        \ETC.
! Forbidden control sequence found while scanning text of \write.
<inserted text> 
                }
l.166   \RequirePackage{infwarerr}[2007/09/09]
                                              %
I suspect you have forgotten a `}', causing me
to read past where you wanted me to stop.
I'll try to recover; but if the error is serious,
you'd better type `E' or `X' now and fix your file.

Runaway text?

LaTeX Warning: You have requested, on input line 166, version
        \ETC.
! Forbidden control sequence found while scanning text of \write.
<inserted text> 
                }
l.166   \RequirePackage{infwarerr}[2007/09/09]
                                              %
I suspect you have forgotten a `}', causing me
to read past where you wanted me to stop.
I'll try to recover; but if the error is serious,
you'd better type `E' or `X' now and fix your file.

Runaway text?

LaTeX Warning: You have requested, on input line 166, version
        \ETC.
! Forbidden control sequence found while scanning text of \write.
<inserted text> 
                }
l.166   \RequirePackage{infwarerr}[2007/09/09]
                                              %
I suspect you have forgotten a `}', causing me
to read past where you wanted me to stop.
I'll try to recover; but if the error is serious,
you'd better type `E' or `X' now and fix your file.

Runaway text?

LaTeX Warning: You have requested, on input line 166, version
        \ETC.
! Forbidden control sequence found while scanning text of \write.
<inserted text> 
                }
l.166   \RequirePackage{infwarerr}[2007/09/09]
                                              %
I suspect you have forgotten a `}', causing me
to read past where you wanted me to stop.
I'll try to recover; but if the error is serious,
you'd better type `E' or `X' now and fix your file.

Runaway text?

LaTeX Warning: You have requested, on input line 166, version
        \ETC.
! Forbidden control sequence found while scanning text of \write.
<inserted text> 
                }
l.166   \RequirePackage{infwarerr}[2007/09/09]
                                              %
I suspect you have forgotten a `}', causing me
to read past where you wanted me to stop.
I'll try to recover; but if the error is serious,
you'd better type `E' or `X' now and fix your file.

Runaway text?

LaTeX Warning: You have requested, on input line 166, version
        \ETC.
! Forbidden control sequence found while scanning text of \write.
<inserted text> 
                }
l.166   \RequirePackage{infwarerr}[2007/09/09]
                                              %
I suspect you have forgotten a `}', causing me
to read past where you wanted me to stop.
I'll try to recover; but if the error is serious,
you'd better type `E' or `X' now and fix your file.

Runaway text?

LaTeX Warning: You have requested, on input line 166, version
        \ETC.
! Forbidden control sequence found while scanning text of \write.
<inserted text> 
                }
l.166   \RequirePackage{infwarerr}[2007/09/09]
                                              %
I suspect you have forgotten a `}', causing me
to read past where you wanted me to stop.
I'll try to recover; but if the error is serious,
you'd better type `E' or `X' now and fix your file.

Runaway text?

LaTeX Warning: You have requested, on input line 166, version
        \ETC.
! Forbidden control sequence found while scanning text of \write.
<inserted text> 
                }
l.166   \RequirePackage{infwarerr}[2007/09/09]
                                              %
I suspect you have forgotten a `}', causing me
to read past where you wanted me to stop.
I'll try to recover; but if the error is serious,
you'd better type `E' or `X' now and fix your file.

Runaway text?

LaTeX Warning: You have requested, on input line 166, version
        \ETC.
! Forbidden control sequence found while scanning text of \write.
<inserted text> 
                }
l.166   \RequirePackage{infwarerr}[2007/09/09]
                                              %
I suspect you have forgotten a `}', causing me
to read past where you wanted me to stop.
I'll try to recover; but if the error is serious,
you'd better type `E' or `X' now and fix your file.

Runaway text?

LaTeX Warning: You have requested, on input line 166, version
        \ETC.
! Forbidden control sequence found while scanning text of \write.
<inserted text> 
                }
l.166   \RequirePackage{infwarerr}[2007/09/09]
                                              %
I suspect you have forgotten a `}', causing me
to read past where you wanted me to stop.
I'll try to recover; but if the error is serious,
you'd better type `E' or `X' now and fix your file.

Runaway text?

LaTeX Warning: You have requested, on input line 166, version
        \ETC.
! Forbidden control sequence found while scanning text of \write.
<inserted text> 
                }
l.166   \RequirePackage{infwarerr}[2007/09/09]
                                              %
I suspect you have forgotten a `}', causing me
to read past where you wanted me to stop.
I'll try to recover; but if the error is serious,
you'd better type `E' or `X' now and fix your file.

Runaway text?

LaTeX Warning: You have requested, on input line 166, version
        \ETC.
! Forbidden control sequence found while scanning text of \write.
<inserted text> 
                }
l.166   \RequirePackage{infwarerr}[2007/09/09]
                                              %
I suspect you have forgotten a `}', causing me
to read past where you wanted me to stop.
I'll try to recover; but if the error is serious,
you'd better type `E' or `X' now and fix your file.

Runaway text?

LaTeX Warning: You have requested, on input line 166, version
        \ETC.
! Forbidden control sequence found while scanning text of \write.
<inserted text> 
                }
l.166   \RequirePackage{infwarerr}[2007/09/09]
                                              %
I suspect you have forgotten a `}', causing me
to read past where you wanted me to stop.
I'll try to recover; but if the error is serious,
you'd better type `E' or `X' now and fix your file.

Runaway text?

LaTeX Warning: You have requested, on input line 166, version
        \ETC.
! Forbidden control sequence found while scanning text of \write.
<inserted text> 
                }
l.166   \RequirePackage{infwarerr}[2007/09/09]
                                              %
I suspect you have forgotten a `}', causing me
to read past where you wanted me to stop.
I'll try to recover; but if the error is serious,
you'd better type `E' or `X' now and fix your file.

Runaway text?

LaTeX Warning: You have requested, on input line 166, version
        \ETC.
! Forbidden control sequence found while scanning text of \write.
<inserted text> 
                }
l.166   \RequirePackage{infwarerr}[2007/09/09]
                                              %
I suspect you have forgotten a `}', causing me
to read past where you wanted me to stop.
I'll try to recover; but if the error is serious,
you'd better type `E' or `X' now and fix your file.

Runaway text?

LaTeX Warning: You have requested, on input line 166, version
        \ETC.
! Forbidden control sequence found while scanning text of \write.
<inserted text> 
                }
l.166   \RequirePackage{infwarerr}[2007/09/09]
                                              %
I suspect you have forgotten a `}', causing me
to read past where you wanted me to stop.
I'll try to recover; but if the error is serious,
you'd better type `E' or `X' now and fix your file.

Runaway text?

LaTeX Warning: You have requested, on input line 166, version
        \ETC.
! Forbidden control sequence found while scanning text of \write.
<inserted text> 
                }
l.166   \RequirePackage{infwarerr}[2007/09/09]
                                              %
I suspect you have forgotten a `}', causing me
to read past where you wanted me to stop.
I'll try to recover; but if the error is serious,
you'd better type `E' or `X' now and fix your file.

Runaway text?

LaTeX Warning: You have requested, on input line 166, version
        \ETC.
! Forbidden control sequence found while scanning text of \write.
<inserted text> 
                }
l.166   \RequirePackage{infwarerr}[2007/09/09]
                                              %
I suspect you have forgotten a `}', causing me
to read past where you wanted me to stop.
I'll try to recover; but if the error is serious,
you'd better type `E' or `X' now and fix your file.

Runaway text?

LaTeX Warning: You have requested, on input line 166, version
        \ETC.
! Forbidden control sequence found while scanning text of \write.
<inserted text> 
                }
l.166   \RequirePackage{infwarerr}[2007/09/09]
                                              %
I suspect you have forgotten a `}', causing me
to read past where you wanted me to stop.
I'll try to recover; but if the error is serious,
you'd better type `E' or `X' now and fix your file.

Runaway text?

LaTeX Warning: You have requested, on input line 166, version
        \ETC.
! Forbidden control sequence found while scanning text of \write.
<inserted text> 
                }
l.166   \RequirePackage{infwarerr}[2007/09/09]
                                              %
I suspect you have forgotten a `}', causing me
to read past where you wanted me to stop.
I'll try to recover; but if the error is serious,
you'd better type `E' or `X' now and fix your file.

Runaway text?

LaTeX Warning: You have requested, on input line 166, version
        \ETC.
! Forbidden control sequence found while scanning text of \write.
<inserted text> 
                }
l.166   \RequirePackage{infwarerr}[2007/09/09]
                                              %
I suspect you have forgotten a `}', causing me
to read past where you wanted me to stop.
I'll try to recover; but if the error is serious,
you'd better type `E' or `X' now and fix your file.

Runaway text?

LaTeX Warning: You have requested, on input line 166, version
        \ETC.
! Forbidden control sequence found while scanning text of \write.
<inserted text> 
                }
l.166   \RequirePackage{infwarerr}[2007/09/09]
                                              %
I suspect you have forgotten a `}', causing me
to read past where you wanted me to stop.
I'll try to recover; but if the error is serious,
you'd better type `E' or `X' now and fix your file.

Runaway text?

LaTeX Warning: You have requested, on input line 166, version
        \ETC.
! Forbidden control sequence found while scanning text of \write.
<inserted text> 
                }
l.166   \RequirePackage{infwarerr}[2007/09/09]
                                              %
I suspect you have forgotten a `}', causing me
to read past where you wanted me to stop.
I'll try to recover; but if the error is serious,
you'd better type `E' or `X' now and fix your file.

Runaway text?

LaTeX Warning: You have requested, on input line 166, version
        \ETC.
! Forbidden control sequence found while scanning text of \write.
<inserted text> 
                }
l.166   \RequirePackage{infwarerr}[2007/09/09]
                                              %
I suspect you have forgotten a `}', causing me
to read past where you wanted me to stop.
I'll try to recover; but if the error is serious,
you'd better type `E' or `X' now and fix your file.

Runaway text?

LaTeX Warning: You have requested, on input line 166, version
        \ETC.
! Forbidden control sequence found while scanning text of \write.
<inserted text> 
                }
l.166   \RequirePackage{infwarerr}[2007/09/09]
                                              %
I suspect you have forgotten a `}', causing me
to read past where you wanted me to stop.
I'll try to recover; but if the error is serious,
you'd better type `E' or `X' now and fix your file.

Runaway text?

LaTeX Warning: You have requested, on input line 166, version
        \ETC.
! Forbidden control sequence found while scanning text of \write.
<inserted text> 
                }
l.166   \RequirePackage{infwarerr}[2007/09/09]
                                              %
I suspect you have forgotten a `}', causing me
to read past where you wanted me to stop.
I'll try to recover; but if the error is serious,
you'd better type `E' or `X' now and fix your file.

Runaway text?

LaTeX Warning: You have requested, on input line 166, version
        \ETC.
! Forbidden control sequence found while scanning text of \write.
<inserted text> 
                }
l.166   \RequirePackage{infwarerr}[2007/09/09]
                                              %
I suspect you have forgotten a `}', causing me
to read past where you wanted me to stop.
I'll try to recover; but if the error is serious,
you'd better type `E' or `X' now and fix your file.

Runaway text?

LaTeX Warning: You have requested, on input line 166, version
        \ETC.
! Forbidden control sequence found while scanning text of \write.
<inserted text> 
                }
l.166   \RequirePackage{infwarerr}[2007/09/09]
                                              %
I suspect you have forgotten a `}', causing me
to read past where you wanted me to stop.
I'll try to recover; but if the error is serious,
you'd better type `E' or `X' now and fix your file.

Runaway text?

LaTeX Warning: You have requested, on input line 166, version
        \ETC.
! Forbidden control sequence found while scanning text of \write.
<inserted text> 
                }
l.166   \RequirePackage{infwarerr}[2007/09/09]
                                              %
I suspect you have forgotten a `}', causing me
to read past where you wanted me to stop.
I'll try to recover; but if the error is serious,
you'd better type `E' or `X' now and fix your file.

Runaway text?

LaTeX Warning: You have requested, on input line 166, version
        \ETC.
! Forbidden control sequence found while scanning text of \write.
<inserted text> 
                }
l.166   \RequirePackage{infwarerr}[2007/09/09]
                                              %
I suspect you have forgotten a `}', causing me
to read past where you wanted me to stop.
I'll try to recover; but if the error is serious,
you'd better type `E' or `X' now and fix your file.

Runaway text?

LaTeX Warning: You have requested, on input line 166, version
        \ETC.
! Forbidden control sequence found while scanning text of \write.
<inserted text> 
                }
l.166   \RequirePackage{infwarerr}[2007/09/09]
                                              %
I suspect you have forgotten a `}', causing me
to read past where you wanted me to stop.
I'll try to recover; but if the error is serious,
you'd better type `E' or `X' now and fix your file.

Runaway text?

LaTeX Warning: You have requested, on input line 166, version
        \ETC.
! Forbidden control sequence found while scanning text of \write.
<inserted text> 
                }
l.166   \RequirePackage{infwarerr}[2007/09/09]
                                              %
I suspect you have forgotten a `}', causing me
to read past where you wanted me to stop.
I'll try to recover; but if the error is serious,
you'd better type `E' or `X' now and fix your file.

Runaway text?

LaTeX Warning: You have requested, on input line 166, version
        \ETC.
! Forbidden control sequence found while scanning text of \write.
<inserted text> 
                }
l.166   \RequirePackage{infwarerr}[2007/09/09]
                                              %
I suspect you have forgotten a `}', causing me
to read past where you wanted me to stop.
I'll try to recover; but if the error is serious,
you'd better type `E' or `X' now and fix your file.

Runaway text?

LaTeX Warning: You have requested, on input line 166, version
        \ETC.
! Forbidden control sequence found while scanning text of \write.
<inserted text> 
                }
l.166   \RequirePackage{infwarerr}[2007/09/09]
                                              %
I suspect you have forgotten a `}', causing me
to read past where you wanted me to stop.
I'll try to recover; but if the error is serious,
you'd better type `E' or `X' now and fix your file.

Runaway text?

LaTeX Warning: You have requested, on input line 166, version
        \ETC.
! Forbidden control sequence found while scanning text of \write.
<inserted text> 
                }
l.166   \RequirePackage{infwarerr}[2007/09/09]
                                              %
I suspect you have forgotten a `}', causing me
to read past where you wanted me to stop.
I'll try to recover; but if the error is serious,
you'd better type `E' or `X' now and fix your file.

Runaway text?

LaTeX Warning: You have requested, on input line 166, version
        \ETC.
! Forbidden control sequence found while scanning text of \write.
<inserted text> 
                }
l.166   \RequirePackage{infwarerr}[2007/09/09]
                                              %
I suspect you have forgotten a `}', causing me
to read past where you wanted me to stop.
I'll try to recover; but if the error is serious,
you'd better type `E' or `X' now and fix your file.

Runaway text?

LaTeX Warning: You have requested, on input line 166, version
        \ETC.
! Forbidden control sequence found while scanning text of \write.
<inserted text> 
                }
l.166   \RequirePackage{infwarerr}[2007/09/09]
                                              %
I suspect you have forgotten a `}', causing me
to read past where you wanted me to stop.
I'll try to recover; but if the error is serious,
you'd better type `E' or `X' now and fix your file.

Runaway text?

LaTeX Warning: You have requested, on input line 166, version
        \ETC.
! Forbidden control sequence found while scanning text of \write.
<inserted text> 
                }
l.166   \RequirePackage{infwarerr}[2007/09/09]
                                              %
I suspect you have forgotten a `}', causing me
to read past where you wanted me to stop.
I'll try to recover; but if the error is serious,
you'd better type `E' or `X' now and fix your file.

Runaway text?

LaTeX Warning: You have requested, on input line 166, version
        \ETC.
! Forbidden control sequence found while scanning text of \write.
<inserted text> 
                }
l.166   \RequirePackage{infwarerr}[2007/09/09]
                                              %
I suspect you have forgotten a `}', causing me
to read past where you wanted me to stop.
I'll try to recover; but if the error is serious,
you'd better type `E' or `X' now and fix your file.

Runaway text?

LaTeX Warning: You have requested, on input line 166, version
        \ETC.
! Forbidden control sequence found while scanning text of \write.
<inserted text> 
                }
l.166   \RequirePackage{infwarerr}[2007/09/09]
                                              %
I suspect you have forgotten a `}', causing me
to read past where you wanted me to stop.
I'll try to recover; but if the error is serious,
you'd better type `E' or `X' now and fix your file.

Runaway text?

LaTeX Warning: You have requested, on input line 166, version
        \ETC.
! Forbidden control sequence found while scanning text of \write.
<inserted text> 
                }
l.166   \RequirePackage{infwarerr}[2007/09/09]
                                              %
I suspect you have forgotten a `}', causing me
to read past where you wanted me to stop.
I'll try to recover; but if the error is serious,
you'd better type `E' or `X' now and fix your file.

Runaway text?

LaTeX Warning: You have requested, on input line 166, version
        \ETC.
! Forbidden control sequence found while scanning text of \write.
<inserted text> 
                }
l.166   \RequirePackage{infwarerr}[2007/09/09]
                                              %
I suspect you have forgotten a `}', causing me
to read past where you wanted me to stop.
I'll try to recover; but if the error is serious,
you'd better type `E' or `X' now and fix your file.

Runaway text?

LaTeX Warning: You have requested, on input line 166, version
        \ETC.
! Forbidden control sequence found while scanning text of \write.
<inserted text> 
                }
l.166   \RequirePackage{infwarerr}[2007/09/09]
                                              %
I suspect you have forgotten a `}', causing me
to read past where you wanted me to stop.
I'll try to recover; but if the error is serious,
you'd better type `E' or `X' now and fix your file.

Runaway text?

LaTeX Warning: You have requested, on input line 166, version
        \ETC.
! Forbidden control sequence found while scanning text of \write.
<inserted text> 
                }
l.166   \RequirePackage{infwarerr}[2007/09/09]
                                              %
I suspect you have forgotten a `}', causing me
to read past where you wanted me to stop.
I'll try to recover; but if the error is serious,
you'd better type `E' or `X' now and fix your file.

Runaway text?

LaTeX Warning: You have requested, on input line 166, version
        \ETC.
! Forbidden control sequence found while scanning text of \write.
<inserted text> 
                }
l.166   \RequirePackage{infwarerr}[2007/09/09]
                                              %
I suspect you have forgotten a `}', causing me
to read past where you wanted me to stop.
I'll try to recover; but if the error is serious,
you'd better type `E' or `X' now and fix your file.

Runaway text?

LaTeX Warning: You have requested, on input line 166, version
        \ETC.
! Forbidden control sequence found while scanning text of \write.
<inserted text> 
                }
l.166   \RequirePackage{infwarerr}[2007/09/09]
                                              %
I suspect you have forgotten a `}', causing me
to read past where you wanted me to stop.
I'll try to recover; but if the error is serious,
you'd better type `E' or `X' now and fix your file.

Runaway text?

LaTeX Warning: You have requested, on input line 166, version
        \ETC.
! Forbidden control sequence found while scanning text of \write.
<inserted text> 
                }
l.166   \RequirePackage{infwarerr}[2007/09/09]
                                              %
I suspect you have forgotten a `}', causing me
to read past where you wanted me to stop.
I'll try to recover; but if the error is serious,
you'd better type `E' or `X' now and fix your file.

Runaway text?

LaTeX Warning: You have requested, on input line 166, version
        \ETC.
! Forbidden control sequence found while scanning text of \write.
<inserted text> 
                }
l.166   \RequirePackage{infwarerr}[2007/09/09]
                                              %
I suspect you have forgotten a `}', causing me
to read past where you wanted me to stop.
I'll try to recover; but if the error is serious,
you'd better type `E' or `X' now and fix your file.

Runaway text?

LaTeX Warning: You have requested, on input line 166, version
        \ETC.
! Forbidden control sequence found while scanning text of \write.
<inserted text> 
                }
l.166   \RequirePackage{infwarerr}[2007/09/09]
                                              %
I suspect you have forgotten a `}', causing me
to read past where you wanted me to stop.
I'll try to recover; but if the error is serious,
you'd better type `E' or `X' now and fix your file.

Runaway text?

LaTeX Warning: You have requested, on input line 166, version
        \ETC.
! Forbidden control sequence found while scanning text of \write.
<inserted text> 
                }
l.166   \RequirePackage{infwarerr}[2007/09/09]
                                              %
I suspect you have forgotten a `}', causing me
to read past where you wanted me to stop.
I'll try to recover; but if the error is serious,
you'd better type `E' or `X' now and fix your file.

Runaway text?

LaTeX Warning: You have requested, on input line 166, version
        \ETC.
! Forbidden control sequence found while scanning text of \write.
<inserted text> 
                }
l.166   \RequirePackage{infwarerr}[2007/09/09]
                                              %
I suspect you have forgotten a `}', causing me
to read past where you wanted me to stop.
I'll try to recover; but if the error is serious,
you'd better type `E' or `X' now and fix your file.

Runaway text?

LaTeX Warning: You have requested, on input line 166, version
        \ETC.
! Forbidden control sequence found while scanning text of \write.
<inserted text> 
                }
l.166   \RequirePackage{infwarerr}[2007/09/09]
                                              %
I suspect you have forgotten a `}', causing me
to read past where you wanted me to stop.
I'll try to recover; but if the error is serious,
you'd better type `E' or `X' now and fix your file.

Runaway text?

LaTeX Warning: You have requested, on input line 166, version
        \ETC.
! Forbidden control sequence found while scanning text of \write.
<inserted text> 
                }
l.166   \RequirePackage{infwarerr}[2007/09/09]
                                              %
I suspect you have forgotten a `}', causing me
to read past where you wanted me to stop.
I'll try to recover; but if the error is serious,
you'd better type `E' or `X' now and fix your file.

Runaway text?

LaTeX Warning: You have requested, on input line 166, version
        \ETC.
! Forbidden control sequence found while scanning text of \write.
<inserted text> 
                }
l.166   \RequirePackage{infwarerr}[2007/09/09]
                                              %
I suspect you have forgotten a `}', causing me
to read past where you wanted me to stop.
I'll try to recover; but if the error is serious,
you'd better type `E' or `X' now and fix your file.

Runaway text?

LaTeX Warning: You have requested, on input line 166, version
        \ETC.
! Forbidden control sequence found while scanning text of \write.
<inserted text> 
                }
l.166   \RequirePackage{infwarerr}[2007/09/09]
                                              %
I suspect you have forgotten a `}', causing me
to read past where you wanted me to stop.
I'll try to recover; but if the error is serious,
you'd better type `E' or `X' now and fix your file.

Runaway text?

LaTeX Warning: You have requested, on input line 166, version
        \ETC.
! Forbidden control sequence found while scanning text of \write.
<inserted text> 
                }
l.166   \RequirePackage{infwarerr}[2007/09/09]
                                              %
I suspect you have forgotten a `}', causing me
to read past where you wanted me to stop.
I'll try to recover; but if the error is serious,
you'd better type `E' or `X' now and fix your file.

Runaway text?

LaTeX Warning: You have requested, on input line 166, version
        \ETC.
! Forbidden control sequence found while scanning text of \write.
<inserted text> 
                }
l.166   \RequirePackage{infwarerr}[2007/09/09]
                                              %
I suspect you have forgotten a `}', causing me
to read past where you wanted me to stop.
I'll try to recover; but if the error is serious,
you'd better type `E' or `X' now and fix your file.

Runaway text?

LaTeX Warning: You have requested, on input line 166, version
        \ETC.
! Forbidden control sequence found while scanning text of \write.
<inserted text> 
                }
l.166   \RequirePackage{infwarerr}[2007/09/09]
                                              %
I suspect you have forgotten a `}', causing me
to read past where you wanted me to stop.
I'll try to recover; but if the error is serious,
you'd better type `E' or `X' now and fix your file.

Runaway text?

LaTeX Warning: You have requested, on input line 166, version
        \ETC.
! Forbidden control sequence found while scanning text of \write.
<inserted text> 
                }
l.166   \RequirePackage{infwarerr}[2007/09/09]
                                              %
I suspect you have forgotten a `}', causing me
to read past where you wanted me to stop.
I'll try to recover; but if the error is serious,
you'd better type `E' or `X' now and fix your file.

Runaway text?

LaTeX Warning: You have requested, on input line 166, version
        \ETC.
! Forbidden control sequence found while scanning text of \write.
<inserted text> 
                }
l.166   \RequirePackage{infwarerr}[2007/09/09]
                                              %
I suspect you have forgotten a `}', causing me
to read past where you wanted me to stop.
I'll try to recover; but if the error is serious,
you'd better type `E' or `X' now and fix your file.

Runaway text?

LaTeX Warning: You have requested, on input line 166, version
        \ETC.
! Forbidden control sequence found while scanning text of \write.
<inserted text> 
                }
l.166   \RequirePackage{infwarerr}[2007/09/09]
                                              %
I suspect you have forgotten a `}', causing me
to read past where you wanted me to stop.
I'll try to recover; but if the error is serious,
you'd better type `E' or `X' now and fix your file.

Runaway text?

LaTeX Warning: You have requested, on input line 166, version
        \ETC.
! Forbidden control sequence found while scanning text of \write.
<inserted text> 
                }
l.166   \RequirePackage{infwarerr}[2007/09/09]
                                              %
I suspect you have forgotten a `}', causing me
to read past where you wanted me to stop.
I'll try to recover; but if the error is serious,
you'd better type `E' or `X' now and fix your file.

Runaway text?

LaTeX Warning: You have requested, on input line 166, version
        \ETC.
! Forbidden control sequence found while scanning text of \write.
<inserted text> 
                }
l.166   \RequirePackage{infwarerr}[2007/09/09]
                                              %
I suspect you have forgotten a `}', causing me
to read past where you wanted me to stop.
I'll try to recover; but if the error is serious,
you'd better type `E' or `X' now and fix your file.

Runaway text?

LaTeX Warning: You have requested, on input line 166, version
        \ETC.
! Forbidden control sequence found while scanning text of \write.
<inserted text> 
                }
l.166   \RequirePackage{infwarerr}[2007/09/09]
                                              %
I suspect you have forgotten a `}', causing me
to read past where you wanted me to stop.
I'll try to recover; but if the error is serious,
you'd better type `E' or `X' now and fix your file.

Runaway text?

LaTeX Warning: You have requested, on input line 166, version
        \ETC.
! Forbidden control sequence found while scanning text of \write.
<inserted text> 
                }
l.166   \RequirePackage{infwarerr}[2007/09/09]
                                              %
I suspect you have forgotten a `}', causing me
to read past where you wanted me to stop.
I'll try to recover; but if the error is serious,
you'd better type `E' or `X' now and fix your file.

Runaway text?

LaTeX Warning: You have requested, on input line 166, version
        \ETC.
! Forbidden control sequence found while scanning text of \write.
<inserted text> 
                }
l.166   \RequirePackage{infwarerr}[2007/09/09]
                                              %
I suspect you have forgotten a `}', causing me
to read past where you wanted me to stop.
I'll try to recover; but if the error is serious,
you'd better type `E' or `X' now and fix your file.

Runaway text?

LaTeX Warning: You have requested, on input line 166, version
        \ETC.
! Forbidden control sequence found while scanning text of \write.
<inserted text> 
                }
l.166   \RequirePackage{infwarerr}[2007/09/09]
                                              %
I suspect you have forgotten a `}', causing me
to read past where you wanted me to stop.
I'll try to recover; but if the error is serious,
you'd better type `E' or `X' now and fix your file.

Runaway text?

LaTeX Warning: You have requested, on input line 166, version
        \ETC.
! Forbidden control sequence found while scanning text of \write.
<inserted text> 
                }
l.166   \RequirePackage{infwarerr}[2007/09/09]
                                              %
I suspect you have forgotten a `}', causing me
to read past where you wanted me to stop.
I'll try to recover; but if the error is serious,
you'd better type `E' or `X' now and fix your file.

Runaway text?

LaTeX Warning: You have requested, on input line 166, version
        \ETC.
! Forbidden control sequence found while scanning text of \write.
<inserted text> 
                }
l.166   \RequirePackage{infwarerr}[2007/09/09]
                                              %
I suspect you have forgotten a `}', causing me
to read past where you wanted me to stop.
I'll try to recover; but if the error is serious,
you'd better type `E' or `X' now and fix your file.

Runaway text?

LaTeX Warning: You have requested, on input line 166, version
        \ETC.
! Forbidden control sequence found while scanning text of \write.
<inserted text> 
                }
l.166   \RequirePackage{infwarerr}[2007/09/09]
                                              %
I suspect you have forgotten a `}', causing me
to read past where you wanted me to stop.
I'll try to recover; but if the error is serious,
you'd better type `E' or `X' now and fix your file.

Runaway text?

LaTeX Warning: You have requested, on input line 166, version
        \ETC.
! Forbidden control sequence found while scanning text of \write.
<inserted text> 
                }
l.166   \RequirePackage{infwarerr}[2007/09/09]
                                              %
I suspect you have forgotten a `}', causing me
to read past where you wanted me to stop.
I'll try to recover; but if the error is serious,
you'd better type `E' or `X' now and fix your file.

Runaway text?

LaTeX Warning: You have requested, on input line 166, version
        \ETC.
! Forbidden control sequence found while scanning text of \write.
<inserted text> 
                }
l.166   \RequirePackage{infwarerr}[2007/09/09]
                                              %
I suspect you have forgotten a `}', causing me
to read past where you wanted me to stop.
I'll try to recover; but if the error is serious,
you'd better type `E' or `X' now and fix your file.

Runaway text?

LaTeX Warning: You have requested, on input line 166, version
        \ETC.
! Forbidden control sequence found while scanning text of \write.
<inserted text> 
                }
l.166   \RequirePackage{infwarerr}[2007/09/09]
                                              %
I suspect you have forgotten a `}', causing me
to read past where you wanted me to stop.
I'll try to recover; but if the error is serious,
you'd better type `E' or `X' now and fix your file.

Runaway text?

LaTeX Warning: You have requested, on input line 166, version
        \ETC.
! Forbidden control sequence found while scanning text of \write.
<inserted text> 
                }
l.166   \RequirePackage{infwarerr}[2007/09/09]
                                              %
I suspect you have forgotten a `}', causing me
to read past where you wanted me to stop.
I'll try to recover; but if the error is serious,
you'd better type `E' or `X' now and fix your file.

Runaway text?

LaTeX Warning: You have requested, on input line 166, version
        \ETC.
! Forbidden control sequence found while scanning text of \write.
<inserted text> 
                }
l.166   \RequirePackage{infwarerr}[2007/09/09]
                                              %
I suspect you have forgotten a `}', causing me
to read past where you wanted me to stop.
I'll try to recover; but if the error is serious,
you'd better type `E' or `X' now and fix your file.

Runaway text?

LaTeX Warning: You have requested, on input line 166, version
        \ETC.
! Forbidden control sequence found while scanning text of \write.
<inserted text> 
                }
l.166   \RequirePackage{infwarerr}[2007/09/09]
                                              %
I suspect you have forgotten a `}', causing me
to read past where you wanted me to stop.
I'll try to recover; but if the error is serious,
you'd better type `E' or `X' now and fix your file.

Runaway text?

LaTeX Warning: You have requested, on input line 166, version
        \ETC.
! Forbidden control sequence found while scanning text of \write.
<inserted text> 
                }
l.166   \RequirePackage{infwarerr}[2007/09/09]
                                              %
I suspect you have forgotten a `}', causing me
to read past where you wanted me to stop.
I'll try to recover; but if the error is serious,
you'd better type `E' or `X' now and fix your file.

Runaway text?

LaTeX Warning: You have requested, on input line 166, version
        \ETC.
! Forbidden control sequence found while scanning text of \write.
<inserted text> 
                }
l.166   \RequirePackage{infwarerr}[2007/09/09]
                                              %
I suspect you have forgotten a `}', causing me
to read past where you wanted me to stop.
I'll try to recover; but if the error is serious,
you'd better type `E' or `X' now and fix your file.

Runaway text?

LaTeX Warning: You have requested, on input line 166, version
        \ETC.
! Forbidden control sequence found while scanning text of \write.
<inserted text> 
                }
l.166   \RequirePackage{infwarerr}[2007/09/09]
                                              %
I suspect you have forgotten a `}', causing me
to read past where you wanted me to stop.
I'll try to recover; but if the error is serious,
you'd better type `E' or `X' now and fix your file.

Runaway text?

LaTeX Warning: You have requested, on input line 166, version
        \ETC.
! Forbidden control sequence found while scanning text of \write.
<inserted text> 
                }
l.166   \RequirePackage{infwarerr}[2007/09/09]
                                              %
I suspect you have forgotten a `}', causing me
to read past where you wanted me to stop.
I'll try to recover; but if the error is serious,
you'd better type `E' or `X' now and fix your file.

Runaway text?

LaTeX Warning: You have requested, on input line 166, version
        \ETC.
! Forbidden control sequence found while scanning text of \write.
<inserted text> 
                }
l.166   \RequirePackage{infwarerr}[2007/09/09]
                                              %
I suspect you have forgotten a `}', causing me
to read past where you wanted me to stop.
I'll try to recover; but if the error is serious,
you'd better type `E' or `X' now and fix your file.

Runaway text?

LaTeX Warning: You have requested, on input line 166, version
        \ETC.
! Forbidden control sequence found while scanning text of \write.
<inserted text> 
                }
l.166   \RequirePackage{infwarerr}[2007/09/09]
                                              %
I suspect you have forgotten a `}', causing me
to read past where you wanted me to stop.
I'll try to recover; but if the error is serious,
you'd better type `E' or `X' now and fix your file.

Runaway text?

LaTeX Warning: You have requested, on input line 166, version
        \ETC.
! Forbidden control sequence found while scanning text of \write.
<inserted text> 
                }
l.166   \RequirePackage{infwarerr}[2007/09/09]
                                              %
I suspect you have forgotten a `}', causing me
to read past where you wanted me to stop.
I'll try to recover; but if the error is serious,
you'd better type `E' or `X' now and fix your file.

Runaway text?

LaTeX Warning: You have requested, on input line 166, version
        \ETC.
! Forbidden control sequence found while scanning text of \write.
<inserted text> 
                }
l.166   \RequirePackage{infwarerr}[2007/09/09]
                                              %
I suspect you have forgotten a `}', causing me
to read past where you wanted me to stop.
I'll try to recover; but if the error is serious,
you'd better type `E' or `X' now and fix your file.

Runaway text?

LaTeX Warning: You have requested, on input line 166, version
        \ETC.
! Forbidden control sequence found while scanning text of \write.
<inserted text> 
                }
l.166   \RequirePackage{infwarerr}[2007/09/09]
                                              %
I suspect you have forgotten a `}', causing me
to read past where you wanted me to stop.
I'll try to recover; but if the error is serious,
you'd better type `E' or `X' now and fix your file.

Runaway text?

LaTeX Warning: You have requested, on input line 166, version
        \ETC.
! Forbidden control sequence found while scanning text of \write.
<inserted text> 
                }
l.166   \RequirePackage{infwarerr}[2007/09/09]
                                              %
I suspect you have forgotten a `}', causing me
to read past where you wanted me to stop.
I'll try to recover; but if the error is serious,
you'd better type `E' or `X' now and fix your file.

Runaway text?

LaTeX Warning: You have requested, on input line 166, version
        \ETC.
! Forbidden control sequence found while scanning text of \write.
<inserted text> 
                }
l.166   \RequirePackage{infwarerr}[2007/09/09]
                                              %
I suspect you have forgotten a `}', causing me
to read past where you wanted me to stop.
I'll try to recover; but if the error is serious,
you'd better type `E' or `X' now and fix your file.

Runaway text?

LaTeX Warning: You have requested, on input line 166, version
        \ETC.
! Forbidden control sequence found while scanning text of \write.
<inserted text> 
                }
l.166   \RequirePackage{infwarerr}[2007/09/09]
                                              %
I suspect you have forgotten a `}', causing me
to read past where you wanted me to stop.
I'll try to recover; but if the error is serious,
you'd better type `E' or `X' now and fix your file.

Runaway text?

LaTeX Warning: You have requested, on input line 166, version
        \ETC.
! Forbidden control sequence found while scanning text of \write.
<inserted text> 
                }
l.166   \RequirePackage{infwarerr}[2007/09/09]
                                              %
I suspect you have forgotten a `}', causing me
to read past where you wanted me to stop.
I'll try to recover; but if the error is serious,
you'd better type `E' or `X' now and fix your file.

Runaway text?

LaTeX Warning: You have requested, on input line 166, version
        \ETC.
! Forbidden control sequence found while scanning text of \write.
<inserted text> 
                }
l.166   \RequirePackage{infwarerr}[2007/09/09]
                                              %
(That makes 100 errors; please try again.) 
Here is how much of TeX's memory you used:
 7462 strings out of 483183
 100858 string characters out of 5966292
 322371 words of memory out of 5000000
 22455 multiletter control sequences out of 15000+600000
 538323 words of font info for 26 fonts, out of 8000000 for 9000
 14 hyphenation exceptions out of 8191
 164i,1n,31p,237b,77s stack positions out of 5000i,500n,10000p,200000b,80000s

!  ==> Fatal error occurred, no output PDF file produced!
